<?xml version="1.0" encoding="UTF-8" ?>
<testsuites errors="2"
            failures="1"
            tests="1">

  <testsuite name="analyzed_results_spec"
    errors="2" failures="1" hostname="" id="" package="analyzed_results_spec" skipped="0"
    tests="1" time="10.37" timestamp="">
  
    <testcase name="should gets analyzed results when user selects a given problem" classname="analyzed_results_spec" time="10.37" assertions="1">  <failure message="Expected element &lt;table tbody&gt; text to contain: &#34;STUDY 8 HOURS PER WEEK ON NEXT SEMESTER&#34; - element was not found - expected &#34;contain &#39;STUDY 8 HOURS PER WEEK ON NEXT SEMESTER&#39;&#34; but got: &#34;[InvalidSelectorError]&#34; (5155ms)">    at Object.should gets analyzed results when user selects a given problem (/Users/daniel/riskmanager/frontend/web/riskmanager/tests/default/analyzed_results_spec.js:24:24)</failure>

    
    <error message="invalid selector: Unable to locate an element with the xpath expression table tbody because of the following error:
SyntaxError: Failed to execute &#39;evaluate&#39; on &#39;Document&#39;: The string &#39;table tbody&#39; is not a valid XPath expression.
  (Session info: chrome=105.0.5195.102)" type="error"><![CDATA[
    InvalidSelectorError: invalid selector: Unable to locate an element with the xpath expression table tbody because of the following error:
SyntaxError: Failed to execute &#39;evaluate&#39; on &#39;Document&#39;: The string &#39;table tbody&#39; is not a valid XPath expression.
  (Session info: chrome=105.0.5195.102)
    at Object.throwDecodedError (/Users/daniel/riskmanager/frontend/web/riskmanager/node_modules/selenium-webdriver/lib/error.js:522:15)
    at parseHttpResponse (/Users/daniel/riskmanager/frontend/web/riskmanager/node_modules/selenium-webdriver/lib/http.js:589:13)
    at Executor.execute (/Users/daniel/riskmanager/frontend/web/riskmanager/node_modules/selenium-webdriver/lib/http.js:514:28)
    at processTicksAndRejections (node:internal/process/task_queues:96:5)
    at async Driver.execute (/Users/daniel/riskmanager/frontend/web/riskmanager/node_modules/selenium-webdriver/lib/webdriver.js:740:17)
    at async Driver.findElements (/Users/daniel/riskmanager/frontend/web/riskmanager/node_modules/selenium-webdriver/lib/webdriver.js:1066:17)
    at async MethodMappings.locateMultipleElements (/Users/daniel/riskmanager/frontend/web/riskmanager/node_modules/nightwatch/lib/transport/selenium-webdriver/method-mappings.js:371:31)
    at async Object.locateMultipleElements (/Users/daniel/riskmanager/frontend/web/riskmanager/node_modules/nightwatch/lib/transport/selenium-webdriver/actions.js:67:18)
    at async LocateElement.findElement (/Users/daniel/riskmanager/frontend/web/riskmanager/node_modules/nightwatch/lib/element/locator.js:146:20)
    ]]></error>
    
    </testcase>
  

  
    <system-err>
       → NoSuchElementError

    An element could not be located on the page using the given search parameters.

    Try fixing by :
1. Please inspect the html before the step
2. Verify if an element with the mentioned selector is present in the DOM tree

    Error location:
/Users/daniel/riskmanager/frontend/web/riskmanager/tests/default/analyzed_results_spec.js:
–––––––––––––––––––––––––––––––––––––––––––––––––––––––––––––––––––––––––––––––––––––––––––
 19 |             .click(&#39;#problems-element-id&#39;)
 20 |             .useXpath()
 21 |             .click(&#39;//span[contains(text(), &#34;BAD GRADES ON MATH&#34;)]&#39;); 
 22 | 
 23 |         // arrange
–––––––––––––––––––––––––––––––––––––––––––––––––––––––––––––––––––––––––––––––––––––––––––

 → InvalidSelectorError

    invalid selector: Unable to locate an element with the xpath expression table tbody because of the following error:
SyntaxError: Failed to execute &#39;evaluate&#39; on &#39;Document&#39;: The string &#39;table tbody&#39; is not a valid XPath expression.
  (Session info: chrome=105.0.5195.102)
    </system-err>
  

    

  
  </testsuite>
</testsuites>
