<?xml version="1.0" encoding="UTF-8" ?>
<testsuites errors="6"
            failures="1"
            tests="1">

  <testsuite name="analyzed_result_edit_spec"
    errors="6" failures="1" hostname="" id="" package="analyzed_result_edit_spec" skipped="0"
    tests="1" time="31.68" timestamp="">
  
    <testcase name="should save analyzed result when user clicks on save button given a analyzed result edited" classname="analyzed_result_edit_spec" time="31.68" assertions="1">  <failure message="Testing if dom property &#39;textContent&#39; of element &lt;snack-bar-container span&gt; contains &#39;SUCCESS&#39; in 5000ms - expected &#34;contains &#39;SUCCESS&#39;&#34; but got: &#34;element could not be located&#34; (5152ms)">    at Object.should save analyzed result when user clicks on save button given a analyzed result edited (/Users/daniel/riskmanager/frontend/web/riskmanager/tests/default/analyzed_result_edit_spec.js:76:24)</failure>

    
    <error message="invalid selector: Unable to locate an element with the xpath expression snack-bar-container span because of the following error:
SyntaxError: Failed to execute &#39;evaluate&#39; on &#39;Document&#39;: The string &#39;snack-bar-container span&#39; is not a valid XPath expression.
  (Session info: chrome=107.0.5304.110)" type="error"><![CDATA[
    InvalidSelectorError: invalid selector: Unable to locate an element with the xpath expression snack-bar-container span because of the following error:
SyntaxError: Failed to execute &#39;evaluate&#39; on &#39;Document&#39;: The string &#39;snack-bar-container span&#39; is not a valid XPath expression.
  (Session info: chrome=107.0.5304.110)
    at Object.throwDecodedError (/Users/daniel/riskmanager/frontend/web/riskmanager/node_modules/selenium-webdriver/lib/error.js:522:15)
    at parseHttpResponse (/Users/daniel/riskmanager/frontend/web/riskmanager/node_modules/selenium-webdriver/lib/http.js:589:13)
    at Executor.execute (/Users/daniel/riskmanager/frontend/web/riskmanager/node_modules/selenium-webdriver/lib/http.js:514:28)
    at processTicksAndRejections (node:internal/process/task_queues:96:5)
    at async Driver.execute (/Users/daniel/riskmanager/frontend/web/riskmanager/node_modules/selenium-webdriver/lib/webdriver.js:740:17)
    at async Driver.findElements (/Users/daniel/riskmanager/frontend/web/riskmanager/node_modules/selenium-webdriver/lib/webdriver.js:1066:17)
    ]]></error>
    
    </testcase>
  

  
    <system-err>
       NoSuchElementError
   An element could not be located on the page using the given search parameters.
    {&#34;error&#34;:{&#34;name&#34;:&#34;InvalidSelectorError&#34;,&#34;remoteStacktrace&#34;:&#34;&#34;},&#34;status&#34;:-1,&#34;value&#34;:null}

    Try fixing by :
    1. Please inspect the html before the step
    2. Verify if an element with the mentioned selector is present in the DOM tree

    Error location:
    /Users/daniel/riskmanager/frontend/web/riskmanager/tests/default/analyzed_result_edit_spec.js:
    –––––––––––––––––––––––––––––––––––––––––––––––––––––––––––––––––––––––––––––––––––––––––––––––
     64 | //        browser.assert.domPropertyContains(&#39;#action-plan-element-id&#39;, &#39;value&#39;, &#39;STUDY 8 HOURS PER WEEK ON NEXT SEMESTER&#39;);
     65 |         browser
     66 |             .click(&#39;#impact-level-element-id&#39;) 
     67 |             .click(&#39;#impact-level-element-id-panel mat-option[value=&#34;HIGH&#34;]&#39;);
     68 |         browser
    –––––––––––––––––––––––––––––––––––––––––––––––––––––––––––––––––––––––––––––––––––––––––––––––

 NoSuchElementError
   An element could not be located on the page using the given search parameters.
    {&#34;error&#34;:{&#34;name&#34;:&#34;InvalidSelectorError&#34;,&#34;remoteStacktrace&#34;:&#34;&#34;},&#34;status&#34;:-1,&#34;value&#34;:null}

    Try fixing by :
    1. Please inspect the html before the step
    2. Verify if an element with the mentioned selector is present in the DOM tree

    Error location:
    /Users/daniel/riskmanager/frontend/web/riskmanager/tests/default/analyzed_result_edit_spec.js:
    –––––––––––––––––––––––––––––––––––––––––––––––––––––––––––––––––––––––––––––––––––––––––––––––
     65 |         browser
     66 |             .click(&#39;#impact-level-element-id&#39;)
     67 |             .click(&#39;#impact-level-element-id-panel mat-option[value=&#34;HIGH&#34;]&#39;); 
     68 |         browser
     69 |             .click(&#39;#probability-level-element-id&#39;)
    –––––––––––––––––––––––––––––––––––––––––––––––––––––––––––––––––––––––––––––––––––––––––––––––

 NoSuchElementError
   An element could not be located on the page using the given search parameters.
    {&#34;error&#34;:{&#34;name&#34;:&#34;InvalidSelectorError&#34;,&#34;remoteStacktrace&#34;:&#34;&#34;},&#34;status&#34;:-1,&#34;value&#34;:null}

    Try fixing by :
    1. Please inspect the html before the step
    2. Verify if an element with the mentioned selector is present in the DOM tree

    Error location:
    /Users/daniel/riskmanager/frontend/web/riskmanager/tests/default/analyzed_result_edit_spec.js:
    –––––––––––––––––––––––––––––––––––––––––––––––––––––––––––––––––––––––––––––––––––––––––––––––
     67 |             .click(&#39;#impact-level-element-id-panel mat-option[value=&#34;HIGH&#34;]&#39;);
     68 |         browser
     69 |             .click(&#39;#probability-level-element-id&#39;) 
     70 |             .click(&#39;#probability-level-element-id-panel mat-option[value=&#34;RARE&#34;]&#39;);
     71 | 
    –––––––––––––––––––––––––––––––––––––––––––––––––––––––––––––––––––––––––––––––––––––––––––––––

 NoSuchElementError
   An element could not be located on the page using the given search parameters.
    {&#34;error&#34;:{&#34;name&#34;:&#34;InvalidSelectorError&#34;,&#34;remoteStacktrace&#34;:&#34;&#34;},&#34;status&#34;:-1,&#34;value&#34;:null}

    Try fixing by :
    1. Please inspect the html before the step
    2. Verify if an element with the mentioned selector is present in the DOM tree

    Error location:
    /Users/daniel/riskmanager/frontend/web/riskmanager/tests/default/analyzed_result_edit_spec.js:
    –––––––––––––––––––––––––––––––––––––––––––––––––––––––––––––––––––––––––––––––––––––––––––––––
     68 |         browser
     69 |             .click(&#39;#probability-level-element-id&#39;)
     70 |             .click(&#39;#probability-level-element-id-panel mat-option[value=&#34;RARE&#34;]&#39;); 
     71 | 
     72 |         // act
    –––––––––––––––––––––––––––––––––––––––––––––––––––––––––––––––––––––––––––––––––––––––––––––––

 NoSuchElementError
   An element could not be located on the page using the given search parameters.
    {&#34;error&#34;:{&#34;name&#34;:&#34;InvalidSelectorError&#34;,&#34;remoteStacktrace&#34;:&#34;&#34;},&#34;status&#34;:-1,&#34;value&#34;:null}

    Try fixing by :
    1. Please inspect the html before the step
    2. Verify if an element with the mentioned selector is present in the DOM tree

    Error location:
    /Users/daniel/riskmanager/frontend/web/riskmanager/tests/default/analyzed_result_edit_spec.js:
    –––––––––––––––––––––––––––––––––––––––––––––––––––––––––––––––––––––––––––––––––––––––––––––––
     71 | 
     72 |         // act
     73 |         browser.click(&#39;#save-button-id&#39;); 
     74 | 
     75 |         // assert
    –––––––––––––––––––––––––––––––––––––––––––––––––––––––––––––––––––––––––––––––––––––––––––––––

 InvalidSelectorError
   invalid selector: Unable to locate an element with the xpath expression snack-bar-container span because of the following error:
SyntaxError: Failed to execute &#39;evaluate&#39; on &#39;Document&#39;: The string &#39;snack-bar-container span&#39; is not a valid XPath expression.
  (Session info: chrome=107.0.5304.110)
    </system-err>
  

    

  
  </testsuite>
</testsuites>
